  stb_image.cpp
  main.cpp
e:\programming\github\honours-project\honours project\src\gameengine.h(3): fatal error C1083: Cannot open include file: 'GL/glew.h': No such file or directory
  UserControls.cpp
e:\programming\github\honours-project\honours project\src\gameengine.h(3): fatal error C1083: Cannot open include file: 'GL/glew.h': No such file or directory
  Texture.cpp
e:\programming\github\honours-project\honours project\src\texture.h(2): fatal error C1083: Cannot open include file: 'GL\glew.h': No such file or directory
  Targetable.cpp
e:\programming\github\honours-project\honours project\src\transform.h(3): fatal error C1083: Cannot open include file: 'glm/gtc/quaternion.hpp': No such file or directory
  Structure.cpp
e:\programming\github\honours-project\honours project\src\gameengine.h(3): fatal error C1083: Cannot open include file: 'GL/glew.h': No such file or directory
  StateManager.cpp
e:\programming\github\honours-project\honours project\src\gameengine.h(3): fatal error C1083: Cannot open include file: 'GL/glew.h': No such file or directory
  Shader.cpp
e:\programming\github\honours-project\honours project\src\shader.h(4): fatal error C1083: Cannot open include file: 'GL\glew.h': No such file or directory
  Renderable.cpp
e:\programming\github\honours-project\honours project\src\transform.h(3): fatal error C1083: Cannot open include file: 'glm/gtc/quaternion.hpp': No such file or directory
  PointLight.cpp
e:\programming\github\honours-project\honours project\src\transform.h(3): fatal error C1083: Cannot open include file: 'glm/gtc/quaternion.hpp': No such file or directory
  Movement.cpp
e:\programming\github\honours-project\honours project\src\transform.h(3): fatal error C1083: Cannot open include file: 'glm/gtc/quaternion.hpp': No such file or directory
  Model.cpp
e:\programming\github\honours-project\honours project\src\model.h(2): fatal error C1083: Cannot open include file: 'glm/glm.hpp': No such file or directory
  Menu_Camera.cpp
e:\programming\github\honours-project\honours project\src\transform.h(3): fatal error C1083: Cannot open include file: 'glm/gtc/quaternion.hpp': No such file or directory
  Menu.cpp
e:\programming\github\honours-project\honours project\src\menu.h(5): fatal error C1083: Cannot open include file: 'glm\gtc\type_ptr.hpp': No such file or directory
  Material.cpp
e:\programming\github\honours-project\honours project\src\transform.h(3): fatal error C1083: Cannot open include file: 'glm/gtc/quaternion.hpp': No such file or directory
  GameEngine.cpp
e:\programming\github\honours-project\honours project\src\gameengine.h(3): fatal error C1083: Cannot open include file: 'GL/glew.h': No such file or directory
  Game.cpp
e:\programming\github\honours-project\honours project\src\gameengine.h(3): fatal error C1083: Cannot open include file: 'GL/glew.h': No such file or directory
  GLShader.cpp
e:\programming\github\honours-project\honours project\src\glshader.h(4): fatal error C1083: Cannot open include file: 'GL/glew.h': No such file or directory
  Free_Camera.cpp
e:\programming\github\honours-project\honours project\src\transform.h(3): fatal error C1083: Cannot open include file: 'glm/gtc/quaternion.hpp': No such file or directory
  FrameBuffer.cpp
e:\programming\github\honours-project\honours project\src\framebuffer.h(2): fatal error C1083: Cannot open include file: 'GL\glew.h': No such file or directory
  Generating Code...
  Compiling...
  FileIO.cpp
e:\programming\github\honours-project\honours project\src\transform.h(3): fatal error C1083: Cannot open include file: 'glm/gtc/quaternion.hpp': No such file or directory
  Entity.cpp
e:\programming\github\honours-project\honours project\src\transform.h(3): fatal error C1083: Cannot open include file: 'glm/gtc/quaternion.hpp': No such file or directory
  BoundingBox.cpp
e:\programming\github\honours-project\honours project\src\boundingbox.h(2): fatal error C1083: Cannot open include file: 'glm\glm.hpp': No such file or directory
  AirMovement.cpp
e:\programming\github\honours-project\honours project\src\airmovement.h(2): fatal error C1083: Cannot open include file: 'glm/gtx/vector_angle.hpp': No such file or directory
  Generating Code...
